"E:/github_repos/UnrealProject/DemoProject/Content/StarterContent/Materials/M_Basic_Wall.uasset" 0
"E:/github_repos/UnrealProject/DemoProject/Content/StarterContent/Architecture/Pillar_50x500.uasset" 1
"E:/github_repos/UnrealProject/DemoProject/Content/StarterContent/Architecture/Wall_400x300.uasset" 2
"E:/github_repos/UnrealProject/DemoProject/Content/StarterContent/Architecture/Wall_400x400.uasset" 3
"E:/github_repos/UnrealProject/DemoProject/Content/StarterContent/Architecture/Wall_500x500.uasset" 4
"E:/github_repos/UnrealProject/DemoProject/Content/StarterContent/Architecture/Wall_Door_400x400.uasset" 5
"E:/github_repos/UnrealProject/DemoProject/Content/StarterContent/Architecture/Wall_Window_400x400.uasset" 6
"E:/github_repos/UnrealProject/DemoProject/Content/StarterContent/Audio/Collapse01.uasset" 7
"E:/github_repos/UnrealProject/DemoProject/Content/StarterContent/Audio/Collapse02.uasset" 8
"E:/github_repos/UnrealProject/DemoProject/Content/StarterContent/Audio/Explosion01.uasset" 9
"E:/github_repos/UnrealProject/DemoProject/Content/StarterContent/Audio/Explosion02.uasset" 10
"E:/github_repos/UnrealProject/DemoProject/Content/StarterContent/Audio/Fire_Sparks01.uasset" 11
"E:/github_repos/UnrealProject/DemoProject/Content/StarterContent/Audio/Light01.uasset" 12
"E:/github_repos/UnrealProject/DemoProject/Content/StarterContent/Audio/Light01_Cue.uasset" 13
"E:/github_repos/UnrealProject/DemoProject/Content/StarterContent/Audio/Light02.uasset" 14
"E:/github_repos/UnrealProject/DemoProject/Content/StarterContent/Audio/Light02_Cue.uasset" 15
"E:/github_repos/UnrealProject/DemoProject/Content/StarterContent/Audio/Smoke01.uasset" 16
"E:/github_repos/UnrealProject/DemoProject/Content/StarterContent/Audio/Starter_Birds01.uasset" 17
"E:/github_repos/UnrealProject/DemoProject/Content/StarterContent/Audio/Starter_Music01.uasset" 18
"E:/github_repos/UnrealProject/DemoProject/Content/StarterContent/Audio/Starter_Wind05.uasset" 19
"E:/github_repos/UnrealProject/DemoProject/Content/StarterContent/Audio/Starter_Wind06.uasset" 20
"E:/github_repos/UnrealProject/DemoProject/Content/StarterContent/Audio/Steam01.uasset" 21
"E:/github_repos/UnrealProject/DemoProject/Content/StarterContent/Audio/Explosion_Cue.uasset" 22
"E:/github_repos/UnrealProject/DemoProject/Content/StarterContent/Textures/T_Burst_M.uasset" 23
"E:/github_repos/UnrealProject/DemoProject/Content/StarterContent/Particles/Materials/M_Burst.uasset" 24
"E:/github_repos/UnrealProject/DemoProject/Content/StarterContent/Textures/T_Explosion_SubUV.uasset" 25
"E:/github_repos/UnrealProject/DemoProject/Content/StarterContent/Particles/Materials/M_explosion_subUV.uasset" 26
"E:/github_repos/UnrealProject/DemoProject/Content/StarterContent/Particles/Materials/m_flare_01.uasset" 27
"../../../Engine/Content/Functions/Engine_MaterialFunctions01/Gradient/RadialGradient.uasset" 28
"E:/github_repos/UnrealProject/DemoProject/Content/StarterContent/Particles/Materials/M_radial_ramp.uasset" 29
"E:/github_repos/UnrealProject/DemoProject/Content/StarterContent/Textures/T_Smoke_SubUV.uasset" 30
"E:/github_repos/UnrealProject/DemoProject/Content/StarterContent/Textures/T_Smoke_Tiled_D.uasset" 31
"E:/github_repos/UnrealProject/DemoProject/Content/StarterContent/Particles/Materials/M_smoke_subUV.uasset" 32
"E:/github_repos/UnrealProject/DemoProject/Content/StarterContent/Particles/P_Explosion.uasset" 33
"E:/github_repos/UnrealProject/DemoProject/Content/StarterContent/Blueprints/Blueprint_Effect_Explosion.uasset" 34
"../../../Engine/Content/EditorMeshes/ColorCalibrator/T_ColorGrid.uasset" 35
"E:/github_repos/UnrealProject/DemoProject/Content/StarterContent/Materials/M_ColorGrid_LowSpec.uasset" 36
"E:/github_repos/UnrealProject/DemoProject/Content/StarterContent/Textures/T_Bush_D.uasset" 37
"E:/github_repos/UnrealProject/DemoProject/Content/StarterContent/Textures/T_Bush_N.uasset" 38
"E:/github_repos/UnrealProject/DemoProject/Content/StarterContent/Props/Materials/M_Bush.uasset" 39
"E:/github_repos/UnrealProject/DemoProject/Content/StarterContent/Props/SM_Bush.uasset" 40
"E:/github_repos/UnrealProject/DemoProject/Content/StarterContent/Textures/T_Chair_M.uasset" 41
"E:/github_repos/UnrealProject/DemoProject/Content/StarterContent/Textures/T_Chair_N.uasset" 42
"E:/github_repos/UnrealProject/DemoProject/Content/StarterContent/Props/Materials/M_Chair.uasset" 43
"E:/github_repos/UnrealProject/DemoProject/Content/StarterContent/Props/SM_Couch.uasset" 44
"E:/github_repos/UnrealProject/DemoProject/Content/StarterContent/Props/Materials/M_MaterialSphere.uasset" 45
"E:/github_repos/UnrealProject/DemoProject/Content/StarterContent/Props/Materials/M_MaterialSphere_Plain.uasset" 46
"E:/github_repos/UnrealProject/DemoProject/Content/StarterContent/Props/SM_MatPreviewMesh_02.uasset" 47
"../../../Engine/Content/Functions/Engine_MaterialFunctions02/Utility/BlendAngleCorrectedNormals.uasset" 48
"E:/github_repos/UnrealProject/DemoProject/Content/StarterContent/Textures/T_Detail_Rocky_N.uasset" 49
"E:/github_repos/UnrealProject/DemoProject/Content/StarterContent/Textures/T_Rock_Basalt_D.uasset" 50
"E:/github_repos/UnrealProject/DemoProject/Content/StarterContent/Textures/T_RockMesh_M.uasset" 51
"E:/github_repos/UnrealProject/DemoProject/Content/StarterContent/Textures/T_RockMesh_N.uasset" 52
"E:/github_repos/UnrealProject/DemoProject/Content/StarterContent/Props/Materials/M_Rock.uasset" 53
"E:/github_repos/UnrealProject/DemoProject/Content/StarterContent/Props/SM_Rock.uasset" 54
"E:/github_repos/UnrealProject/DemoProject/Content/StarterContent/Textures/T_Shelf_M.uasset" 55
"E:/github_repos/UnrealProject/DemoProject/Content/StarterContent/Textures/T_Shelf_N.uasset" 56
"E:/github_repos/UnrealProject/DemoProject/Content/StarterContent/Props/Materials/M_Shelf.uasset" 57
"E:/github_repos/UnrealProject/DemoProject/Content/StarterContent/Props/SM_Shelf.uasset" 58
"E:/github_repos/UnrealProject/DemoProject/Content/StarterContent/Materials/M_Basic_Floor.uasset" 59
"E:/github_repos/UnrealProject/DemoProject/Content/StarterContent/Props/SM_Stairs.uasset" 60
"E:/github_repos/UnrealProject/DemoProject/Content/StarterContent/Shapes/Shape_Cone.uasset" 61
"E:/github_repos/UnrealProject/DemoProject/Content/StarterContent/Shapes/Shape_NarrowCapsule.uasset" 62
"E:/github_repos/UnrealProject/DemoProject/Content/StarterContent/Shapes/Shape_Pipe.uasset" 63
"E:/github_repos/UnrealProject/DemoProject/Content/StarterContent/Shapes/Shape_Pipe_180.uasset" 64
"E:/github_repos/UnrealProject/DemoProject/Content/StarterContent/Shapes/Shape_Pipe_90.uasset" 65
"E:/github_repos/UnrealProject/DemoProject/Content/StarterContent/Shapes/Shape_Plane.uasset" 66
"E:/github_repos/UnrealProject/DemoProject/Content/StarterContent/Shapes/Shape_Torus.uasset" 67
"E:/github_repos/UnrealProject/DemoProject/Content/StarterContent/Shapes/Shape_Trim.uasset" 68
"E:/github_repos/UnrealProject/DemoProject/Content/StarterContent/Shapes/Shape_Trim_90_In.uasset" 69
"E:/github_repos/UnrealProject/DemoProject/Content/StarterContent/Shapes/Shape_Trim_90_Out.uasset" 70
"E:/github_repos/UnrealProject/DemoProject/Content/StarterContent/Shapes/Shape_Tube.uasset" 71
"E:/github_repos/UnrealProject/DemoProject/Content/StarterContent/Shapes/Shape_Wedge_A.uasset" 72
"E:/github_repos/UnrealProject/DemoProject/Content/StarterContent/Shapes/Shape_Wedge_B.uasset" 73
"E:/github_repos/UnrealProject/DemoProject/Content/StarterContent/Shapes/Shape_WideCapsule.uasset" 74
"../../../Engine/Content/EditorBlueprintResources/StandardMacros.uasset" 75
"E:/github_repos/UnrealProject/DemoProject/Content/MyContent/GameOverMenu.uasset" 76
"E:/github_repos/UnrealProject/DemoProject/Content/MyContent/MyHUD.uasset" 77
"E:/github_repos/UnrealProject/DemoProject/Content/MyContent/PauseMenu.uasset" 78
"E:/github_repos/UnrealProject/DemoProject/Content/MyContent/WinScreenMenu.uasset" 79
"E:/github_repos/UnrealProject/DemoProject/Content/MyContent/MyCharacter.uasset" 80
"E:/github_repos/UnrealProject/DemoProject/Content/MyContent/MyPlayerController.uasset" 81
"E:/github_repos/UnrealProject/DemoProject/Content/MyContent/MyGameMode.uasset" 82
"../../../Engine/Content/Animation/DefaultAnimCurveCompressionSettings.uasset" 83
"../../../Engine/Content/Functions/Engine_MaterialFunctions01/Opacity/CameraDepthFade.uasset" 84
"../../../Engine/Content/EngineMaterials/T_Default_Material_Grid_M.uasset" 85
"../../../Engine/Content/EngineMaterials/T_Default_Material_Grid_N.uasset" 86
"../../../Engine/Content/EngineMaterials/WorldGridMaterial.uasset" 87
"../../../Engine/Content/ArtTools/RenderToTexture/Meshes/S_1_Unit_Plane.uasset" 88
"../../../Engine/Content/EngineMaterials/DefaultMaterial.uasset" 89
"../../../Engine/Content/BasicShapes/Cone.uasset" 90
"../../../Engine/Content/BasicShapes/Cube.uasset" 91
"../../../Engine/Content/BasicShapes/Cylinder.uasset" 92
"../../../Engine/Content/BasicShapes/Plane.uasset" 93
"../../../Engine/Content/BasicShapes/Sphere.uasset" 94
"../../../Engine/Content/EditorLandscapeResources/DataLayer.uasset" 95
"../../../Engine/Content/EditorMaterials/MAT_Groups_Toggle.uasset" 96
"../../../Engine/Content/EditorMaterials/MAT_Groups_Visibility.uasset" 97
"../../../Engine/Content/EditorMaterials/PreviewShadowIndicator.uasset" 98
"../../../Engine/Content/EditorMaterials/PreviewShadowIndicatorMaterial.uasset" 99
"../../../Engine/Content/EditorMaterials/MatineeGroups/MAT_ColorTrack.uasset" 100
"../../../Engine/Content/EditorMaterials/MatineeGroups/MAT_Groups_Anim.uasset" 101
"../../../Engine/Content/EditorMaterials/MatineeGroups/MAT_Groups_AudioMaster.uasset" 102
"../../../Engine/Content/EditorMaterials/MatineeGroups/MAT_Groups_Director.uasset" 103
"../../../Engine/Content/EditorMaterials/MatineeGroups/MAT_Groups_Event.uasset" 104
"../../../Engine/Content/EditorMaterials/MatineeGroups/MAT_Groups_Fade.uasset" 105
"../../../Engine/Content/EditorMaterials/MatineeGroups/MAT_Groups_Float.uasset" 106
"../../../Engine/Content/EditorMaterials/MatineeGroups/MAT_Groups_Move.uasset" 107
"../../../Engine/Content/EditorMaterials/MatineeGroups/MAT_Groups_Slomo.uasset" 108
"../../../Engine/Content/EditorMaterials/MatineeGroups/MAT_Groups_Sound.uasset" 109
"../../../Engine/Content/EditorMaterials/MatineeGroups/MAT_Groups_Vector.uasset" 110
"../../../Engine/Content/EditorMaterials/ParticleSystems/PSysThumbnail_NoImage.uasset" 111
"../../../Engine/Content/EditorMaterials/ParticleSystems/PSysThumbnail_OOD.uasset" 112
"../../../Engine/Content/EditorMaterials/Camera/CineMat.uasset" 113
"../../../Engine/Content/EditorMaterials/Camera/MI_CineMat_Rig.uasset" 114
"../../../Engine/Content/EditorMeshes/Camera/SM_CraneRig_Arm.uasset" 115
"../../../Engine/Content/EditorMeshes/Camera/SM_CraneRig_Base.uasset" 116
"../../../Engine/Content/EditorMeshes/Camera/SM_CraneRig_Body.uasset" 117
"../../../Engine/Content/EditorMeshes/Camera/SM_CraneRig_Mount.uasset" 118
"../../../Engine/Content/EditorMeshes/Camera/SM_RailRig_Mount.uasset" 119
"../../../Engine/Content/EditorMeshes/Camera/SM_RailRig_Track.uasset" 120
"../../../Engine/Content/EditorResources/BSPVertex.uasset" 121
"../../../Engine/Content/EditorResources/EmptyActor.uasset" 122
"../../../Engine/Content/EditorResources/S_Actor.uasset" 123
"../../../Engine/Content/EditorResources/S_Note.uasset" 124
"../../../Engine/Content/EditorResources/S_Solver.uasset" 125
"../../../Engine/Content/EditorResources/S_Trigger.uasset" 126
"../../../Engine/Content/EditorResources/AudioIcons/S_AudioComponent.uasset" 127
"../../../Engine/Content/EditorResources/AudioIcons/S_AudioComponent_AutoActivate.uasset" 128
"../../../Engine/Content/EditorResources/LightIcons/S_LightError.uasset" 129
"../../../Engine/Content/EditorResources/SequenceRecorder/Countdown.uasset" 130
"../../../Engine/Content/EditorResources/SequenceRecorder/RecordingIndicator.uasset" 131
"../../../Engine/Content/EditorSounds/Notifications/CompileFailed.uasset" 132
"../../../Engine/Content/EditorSounds/Notifications/CompileFailed_Cue.uasset" 133
"../../../Engine/Content/EditorSounds/Notifications/CompileSuccess.uasset" 134
"../../../Engine/Content/EditorSounds/Notifications/CompileStart_Cue.uasset" 135
"../../../Engine/Content/EditorSounds/Notifications/CompileSuccess_Cue.uasset" 136
"../../../Engine/Content/EngineDamageTypes/DmgTypeBP_Environmental.uasset" 137
"../../../Engine/Content/EngineDebugMaterials/DebugEditorMaterial.uasset" 138
"../../../Engine/Content/EngineDebugMaterials/DebugMeshMaterial.uasset" 139
"../../../Engine/Content/EngineDebugMaterials/M_SimpleTranslucent.uasset" 140
"../../../Engine/Content/Functions/Engine_MaterialFunctions02/Utility/CameraDirectionVector.uasset" 141
"../../../Engine/Content/EngineDebugMaterials/VolumeToRender.uasset" 142
"../../../Engine/Content/EngineDebugMaterials/M_VolumeRenderSphereTracePP.uasset" 143
"../../../Engine/Content/EngineDebugMaterials/WireframeMaterial.uasset" 144
"../../../Engine/Content/EngineFonts/Faces/DroidSansFallback.uasset" 145
"../../../Engine/Content/EngineFonts/Faces/RobotoBold.uasset" 146
"../../../Engine/Content/EngineFonts/Faces/RobotoBoldItalic.uasset" 147
"../../../Engine/Content/EngineFonts/Faces/RobotoItalic.uasset" 148
"../../../Engine/Content/EngineFonts/Faces/RobotoLight.uasset" 149
"../../../Engine/Content/EngineFonts/Faces/RobotoRegular.uasset" 150
"../../../Engine/Content/EngineFonts/Roboto.uasset" 151
"../../../Engine/Content/EngineMaterials/BaseFlattenDiffuseMap.uasset" 152
"../../../Engine/Content/EngineMaterials/BaseFlattenEmissiveMap.uasset" 153
"../../../Engine/Content/EngineMaterials/BaseFlattenGrayscaleMap.uasset" 154
"../../../Engine/Content/EngineMaterials/BaseFlattenNormalMap.uasset" 155
"../../../Engine/Content/EngineMaterials/BaseFlattenMaterial.uasset" 156
"../../../Engine/Content/EngineMaterials/BlueNoise.uasset" 157
"../../../Engine/Content/EngineMaterials/DefaultBloomKernel.uasset" 158
"../../../Engine/Content/EngineMaterials/DefaultBokeh.uasset" 159
"../../../Engine/Content/EngineMaterials/DefaultDiffuse.uasset" 160
"../../../Engine/Content/EngineMaterials/DefaultDeferredDecalMaterial.uasset" 161
"../../../Engine/Content/EngineMaterials/DefaultLightFunctionMaterial.uasset" 162
"../../../Engine/Content/EngineMaterials/DefaultPhysicalMaterial.uasset" 163
"../../../Engine/Content/Functions/Engine_MaterialFunctions02/Utility/BreakOutFloat2Components.uasset" 164
"../../../Engine/Content/EngineMaterials/DefaultPostProcessMaterial.uasset" 165
"../../../Engine/Content/EngineFonts/RobotoDistanceField.uasset" 166
"../../../Engine/Content/EngineMaterials/DefaultTextMaterialOpaque.uasset" 167
"../../../Engine/Content/EngineMaterials/DefaultVirtualTextureMaterial.uasset" 168
"../../../Engine/Content/EngineMaterials/DefaultWhiteGrid.uasset" 169
"../../../Engine/Content/EngineMaterials/DefaultWhiteGrid_Low.uasset" 170
"../../../Engine/Content/EngineMaterials/EmissiveMeshMaterial.uasset" 171
"../../../Engine/Content/EngineMaterials/GizmoMaterial.uasset" 172
"../../../Engine/Content/EngineMaterials/Good64x64TilingNoiseHighFreq.uasset" 173
"../../../Engine/Content/EngineMaterials/HairDefaultMaterial.uasset" 174
"../../../Engine/Content/EngineMaterials/MiniFont.uasset" 175
"../../../Engine/Content/EngineMaterials/InvalidLightmapSettings.uasset" 176
"../../../Engine/Content/EngineMaterials/M_InvalidLightmapSettings.uasset" 177
"../../../Engine/Content/Functions/Engine_MaterialFunctions02/WorldPositionOffset/CameraOffset.uasset" 178
"../../../Engine/Content/EngineMaterials/PhAT_JointLimitMaterial.uasset" 179
"../../../Engine/Content/EngineMaterials/PreintegratedSkinBRDF.uasset" 180
"../../../Engine/Content/EngineMaterials/RemoveSurfaceMaterial.uasset" 181
"../../../Engine/Content/EngineMaterials/WeightMapPlaceholderTexture.uasset" 182
"../../../Engine/Content/EngineResources/WhiteSquareTexture.uasset" 183
"../../../Engine/Content/EngineMaterials/Widget3DPassThrough.uasset" 184
"../../../Engine/Content/EngineMaterials/Widget3DPassThrough_Masked.uasset" 185
"../../../Engine/Content/EngineMaterials/Widget3DPassThrough_Opaque.uasset" 186
"../../../Engine/Content/EngineMaterials/Widget3DPassThrough_Masked_OneSided.uasset" 187
"../../../Engine/Content/EngineMaterials/Widget3DPassThrough_Opaque_OneSided.uasset" 188
"../../../Engine/Content/EngineMaterials/Widget3DPassThrough_Translucent.uasset" 189
"../../../Engine/Content/EngineMaterials/Widget3DPassThrough_Translucent_OneSided.uasset" 190
"../../../Engine/Content/EngineMeshes/Cube.uasset" 191
"../../../Engine/Content/EngineMeshes/Cylinder.uasset" 192
"../../../Engine/Content/EngineMeshes/Sphere.uasset" 193
"../../../Engine/Content/EngineResources/Black.uasset" 194
"../../../Engine/Content/EngineResources/DefaultTexture.uasset" 195
"../../../Engine/Content/EngineResources/DefaultTextureCube.uasset" 196
"../../../Engine/Content/EngineResources/DefaultVolumeTexture2D.uasset" 197
"../../../Engine/Content/EngineResources/DefaultVolumeTexture.uasset" 198
"../../../Engine/Content/EngineResources/GradientTexture0.uasset" 199
"../../../Engine/Content/EngineSounds/Master.uasset" 200
"../../../Engine/Content/Functions/Engine_MaterialFunctions01/Shading/ConvertFromDiffSpec.uasset" 201
"../../../Engine/Content/Functions/Engine_MaterialFunctions01/Shading/PowerToRoughness.uasset" 202
"../../../Engine/Content/Maps/Templates/Thumbnails/Default.uasset" 203
"../../../Engine/Content/Maps/Templates/Thumbnails/TimeOfDay.uasset" 204
"../../../Engine/Content/Maps/Templates/Thumbnails/VR-Basic.uasset" 205
"../../../Engine/Content/MobileResources/T_MobileControls_texture.uasset" 206
"../../../Engine/Content/MobileResources/T_MobileMenu2.uasset" 207
"../../../Engine/Content/MobileResources/HUD/AnalogHat.uasset" 208
"../../../Engine/Content/MobileResources/HUD/VirtualJoystick_Background.uasset" 209
"../../../Engine/Content/MobileResources/HUD/VirtualJoystick_Thumb.uasset" 210
"../../../Engine/Content/MobileResources/HUD/DefaultVirtualJoysticks.uasset" 211
"../../../Engine/Content/MobileResources/HUD/LeftVirtualJoystickOnly.uasset" 212
"../../../Engine/Content/MobileResources/HUD/MobileHUDButton1_off.uasset" 213
"../../../Engine/Content/MobileResources/HUD/MobileHUDButton1_on.uasset" 214
"../../../Engine/Content/MobileResources/HUD/MobileHUDButton2_off.uasset" 215
"../../../Engine/Content/MobileResources/HUD/MobileHUDButton2_on.uasset" 216
"../../../Engine/Content/MobileResources/HUD/MobileHUDButton3.uasset" 217
"../../../Engine/Content/MobileResources/HUD/MobileHUDButtonFire.uasset" 218
"../../../Engine/Content/MobileResources/HUD/MobileHUDDirectionPad.uasset" 219
"../../../Engine/Content/MobileResources/HUD/MobileHUDDirectionPad2.uasset" 220
"../../../Engine/Content/MobileResources/HUD/MobileHUDDirectionPad3.uasset" 221
"../../../Engine/Content/MobileResources/HUD/MobileHUDDirectionStick.uasset" 222
"../../../Engine/Content/MobileResources/HUD/T_Castle_ThumbstickInner.uasset" 223
"../../../Engine/Content/MobileResources/HUD/T_Castle_ThumbstickOutter.uasset" 224
"../../../Engine/Content/Tutorial/ContentIntroCurve.uasset" 225
"../../../Engine/Content/Tutorial/Basics/ContentBrowserOverview.uasset" 226
"../../../Engine/Content/Tutorial/Basics/FeaturePacks.uasset" 227
"../../../Engine/Content/Tutorial/Basics/LevelEditorAttract.uasset" 228
"../../../Engine/Content/Tutorial/Basics/TutorialAssets/icon_tab_Levels_40x.uasset" 229
"../../../Engine/Content/Tutorial/Basics/LevelEditorOverview.uasset" 230
"../../../Engine/Content/Tutorial/Basics/TutorialAssets/CameraActor_64x.uasset" 231
"../../../Engine/Content/Tutorial/Basics/ViewportsTutorial.uasset" 232
"../../../Engine/Content/Tutorial/BlueprintTutorials/TutorialAssets/Blueprint_64x.uasset" 233
"../../../Engine/Content/Tutorial/BlueprintTutorials/BlueprintEditorTutorial.uasset" 234
"../../../Engine/Content/Tutorial/BlueprintTutorials/TutorialAssets/BlueprintInterface_64x.uasset" 235
"../../../Engine/Content/Tutorial/BlueprintTutorials/BlueprintInterfacesEditorOverview.uasset" 236
"../../../Engine/Content/Tutorial/BlueprintTutorials/TutorialAssets/BlueprintMacroLibrary_64x.uasset" 237
"../../../Engine/Content/Tutorial/BlueprintTutorials/BlueprintMacroLibrariesEditorOverview.uasset" 238
"../../../Engine/Content/Tutorial/BlueprintTutorials/ClassBlueprintsEditorOverview.uasset" 239
"../../../Engine/Content/Tutorial/BlueprintTutorials/LevelBlueprintEditorOverview.uasset" 240
"../../../Engine/Content/EditorBlueprintResources/ActorMacros.uasset" 241
"../../../Engine/Content/Tutorial/BlueprintTutorials/TutorialAssets/Tutorial_BP_Class.uasset" 242
"../../../Engine/Content/Tutorial/BlueprintTutorials/TutorialAssets/Tutorial_BP_Interface.uasset" 243
"../../../Engine/Content/Tutorial/BlueprintTutorials/TutorialAssets/Tutorial_BP_MacroLib.uasset" 244
"../../../Engine/Content/Tutorial/Code/AddingCode.uasset" 245
"../../../Engine/Content/Tutorial/InWorldBlueprintEditing/IWBE_Tutorial.uasset" 246
"../../../Engine/Content/Tutorial/InWorldBlueprintEditing/IWBE_Tutorial_Part2.uasset" 247
"../../../Engine/Content/Tutorial/InWorldBlueprintEditing/IWBE_Tutorial_Part3.uasset" 248
"../../../Engine/Content/Tutorial/Paper2D/TutorialAssets/Paper2DFlipbook_TutorialIcon.uasset" 249
"../../../Engine/Content/Tutorial/Paper2D/FlipbookEditorTutorial.uasset" 250
"../../../Engine/Content/Tutorial/SubEditors/MaterialEditorTutorial.uasset" 251
"../../../Engine/Content/Tutorial/SubEditors/ParticleSystemEditorTutorial.uasset" 252
"../../../Engine/Content/Tutorial/SubEditors/StaticMeshEditorTutorial.uasset" 253
"../../../Engine/Content/Tutorial/SubEditors/TutorialAssets/TutorialMaterial.uasset" 254
"../../../Engine/Content/Tutorial/SubEditors/TutorialAssets/T_SmokeSubUV_8X8.uasset" 255
"../../../Engine/Content/Tutorial/SubEditors/TutorialAssets/T_soft_smoke.uasset" 256
"../../../Engine/Content/Tutorial/SubEditors/TutorialAssets/M_smoke_subUV_blackbody.uasset" 257
"../../../Engine/Content/Tutorial/SubEditors/TutorialAssets/TutorialParticleSystem.uasset" 258
"../../../Engine/Content/VREditor/LaserPointer/VR_LaserPower_01.uasset" 259
"../../../Engine/Content/VREditor/TransformGizmo/TransformGizmoMaterial.uasset" 260
"../../../Engine/Content/VREditor/TransformGizmo/TranslucentTransformGizmoMaterial.uasset" 261
"../../../Engine/Content/VREditor/TransformGizmo/BoundingBoxCorner.uasset" 262
"../../../Engine/Content/VREditor/TransformGizmo/BoundingBoxEdge.uasset" 263
"../../../Engine/Content/VREditor/TransformGizmo/PlaneTranslationHandle.uasset" 264
"../../../Engine/Content/VREditor/TransformGizmo/Main.uasset" 265
"../../../Engine/Content/VREditor/TransformGizmo/Xray.uasset" 266
"../../../Engine/Content/VREditor/TransformGizmo/SM_Sequencer_Key.uasset" 267
"../../../Engine/Content/VREditor/TransformGizmo/SM_Sequencer_Node.uasset" 268
"../../Plugins/2D/Paper2D/Content/PlaceholderTextures/DummySpriteTexture.uasset" 269
"../../Plugins/2D/Paper2D/Content/DummySprite.uasset" 270
"../../Plugins/2D/Paper2D/Content/DefaultPaperTerrainMaterial.uasset" 271
"../../Plugins/2D/Paper2D/Content/DummySpriteTexture.uasset" 272
"../../Plugins/2D/Paper2D/Content/DefaultSpriteMaterial.uasset" 273
"../../Plugins/2D/Paper2D/Content/MaskedUnlitSpriteMaterial.uasset" 274
"../../Plugins/2D/Paper2D/Content/OpaqueUnlitSpriteMaterial.uasset" 275
"../../../Engine/Content/Functions/Engine_MaterialFunctions02/Utility/BreakOutFloat4Components.uasset" 276
"../../../Engine/Content/Functions/Engine_MaterialFunctions02/Utility/MakeFloat2.uasset" 277
"../../../Engine/Content/Functions/Engine_MaterialFunctions02/Utility/MakeFloat3.uasset" 278
"../../Plugins/Runtime/Oculus/OculusVR/Content/Materials/OculusMR_ChromaKey.uasset" 279
"../../Plugins/Runtime/Oculus/OculusVR/Content/Materials/OculusMR_ChromaKey_Lit.uasset" 280
"../../Plugins/Runtime/Oculus/OculusVR/Content/Materials/OculusMR_OpaqueColoredMaterial.uasset" 281
"../../Plugins/Runtime/Oculus/OculusVR/Content/Materials/OculusMR_WhiteMaterial.uasset" 282
"E:/github_repos/UnrealProject/DemoProject/Content/StarterContent/Blueprints/Assets/FogBrightnessLUT.uasset" 283
"E:/github_repos/UnrealProject/DemoProject/Content/StarterContent/Blueprints/Assets/SunlightColorLUT.uasset" 284
"E:/github_repos/UnrealProject/DemoProject/Content/StarterContent/Blueprints/Assets/M_LightStage_Arrows.uasset" 285
"../../../Engine/Content/MapTemplates/Sky/DaylightAmbientCubemap.uasset" 286
"E:/github_repos/UnrealProject/DemoProject/Content/StarterContent/Blueprints/Assets/M_LightStage_Skybox_Master.uasset" 287
"E:/github_repos/UnrealProject/DemoProject/Content/StarterContent/Blueprints/Assets/M_LightStage_Skybox_Black.uasset" 288
"E:/github_repos/UnrealProject/DemoProject/Content/StarterContent/Blueprints/Assets/M_LightStage_Skybox_HDRI.uasset" 289
"../../../Engine/Content/EditorMaterials/Thumbnails/SkySphereMaterial.uasset" 290
"E:/github_repos/UnrealProject/DemoProject/Content/StarterContent/Blueprints/Assets/Skybox.uasset" 291
"E:/github_repos/UnrealProject/DemoProject/Content/StarterContent/Blueprints/Assets/SM_Arrows.uasset" 292
"E:/github_repos/UnrealProject/DemoProject/Content/StarterContent/HDRI/HDRI_Epic_Courtyard_Daylight.uasset" 293
"E:/github_repos/UnrealProject/DemoProject/Content/StarterContent/Blueprints/BP_LightStudio.uasset" 294
"E:/github_repos/UnrealProject/DemoProject/Content/StarterContent/Maps/Advanced_Lighting_BuiltData.uasset" 295
"E:/github_repos/UnrealProject/DemoProject/Content/StarterContent/Materials/M_AssetPlatform.uasset" 296
"../../../Engine/Content/EditorMeshes/ColorCalibrator/M_ChromeBall.uasset" 297
"../../../Engine/Content/EditorMeshes/ColorCalibrator/M_ClearCoat.uasset" 298
"../../../Engine/Content/EditorMeshes/ColorCalibrator/M_ClearCoatBlack.uasset" 299
"../../../Engine/Content/EditorMeshes/ColorCalibrator/Color_checker.uasset" 300
"../../../Engine/Content/EditorMeshes/ColorCalibrator/M_ColorGrid.uasset" 301
"../../../Engine/Content/EditorMeshes/ColorCalibrator/M_GreyBall.uasset" 302
"../../../Engine/Content/EditorMeshes/ColorCalibrator/SM_ColorCalibrator.uasset" 303
"E:/github_repos/UnrealProject/DemoProject/Content/StarterContent/Architecture/SM_AssetPlatform.uasset" 304
"E:/github_repos/UnrealProject/DemoProject/Content/StarterContent/Maps/Advanced_Lighting.umap" 305
"../../../Engine/Content/EngineSky/C_Sky_Cloud_Color.uasset" 306
"../../../Engine/Content/EngineSky/C_Sky_Horizon_Color.uasset" 307
"../../../Engine/Content/EngineSky/C_Sky_Zenith_Color.uasset" 308
"../../../Engine/Content/EngineSky/T_Sky_Blue.uasset" 309
"../../../Engine/Content/EngineSky/T_Sky_Clouds_M.uasset" 310
"../../../Engine/Content/EngineSky/T_Sky_Stars.uasset" 311
"../../../Engine/Content/EngineSky/M_Sky_Panning_Clouds2.uasset" 312
"../../../Engine/Content/EngineSky/SM_SkySphere.uasset" 313
"../../../Engine/Content/EngineSky/BP_Sky_Sphere.uasset" 314
"E:/github_repos/UnrealProject/DemoProject/Content/StarterContent/Maps/Minimal_Default_BuiltData.uasset" 315
"E:/github_repos/UnrealProject/DemoProject/Content/StarterContent/Textures/T_MacroVariation.uasset" 316
"E:/github_repos/UnrealProject/DemoProject/Content/StarterContent/Materials/M_Metal_Brushed_Nickel.uasset" 317
"E:/github_repos/UnrealProject/DemoProject/Content/StarterContent/Textures/T_Metal_Aluminum_D.uasset" 318
"E:/github_repos/UnrealProject/DemoProject/Content/StarterContent/Textures/T_Metal_Gold_N.uasset" 319
"E:/github_repos/UnrealProject/DemoProject/Content/StarterContent/Materials/M_Metal_Burnished_Steel.uasset" 320
"E:/github_repos/UnrealProject/DemoProject/Content/StarterContent/Textures/T_Metal_Copper_D.uasset" 321
"E:/github_repos/UnrealProject/DemoProject/Content/StarterContent/Materials/M_Metal_Copper.uasset" 322
"E:/github_repos/UnrealProject/DemoProject/Content/StarterContent/Textures/T_Statue_M.uasset" 323
"E:/github_repos/UnrealProject/DemoProject/Content/StarterContent/Textures/T_Statue_N.uasset" 324
"E:/github_repos/UnrealProject/DemoProject/Content/StarterContent/Props/Materials/M_StatueGlass.uasset" 325
"E:/github_repos/UnrealProject/DemoProject/Content/StarterContent/Architecture/Floor_400x400.uasset" 326
"E:/github_repos/UnrealProject/DemoProject/Content/StarterContent/Audio/Starter_Background_Cue.uasset" 327
"E:/github_repos/UnrealProject/DemoProject/Content/StarterContent/Props/SM_Chair.uasset" 328
"E:/github_repos/UnrealProject/DemoProject/Content/StarterContent/Props/Materials/M_Statue.uasset" 329
"E:/github_repos/UnrealProject/DemoProject/Content/StarterContent/Props/SM_Statue.uasset" 330
"E:/github_repos/UnrealProject/DemoProject/Content/StarterContent/Textures/T_TableRound_M.uasset" 331
"E:/github_repos/UnrealProject/DemoProject/Content/StarterContent/Textures/T_TableRound_N.uasset" 332
"E:/github_repos/UnrealProject/DemoProject/Content/StarterContent/Props/Materials/M_TableRound.uasset" 333
"E:/github_repos/UnrealProject/DemoProject/Content/StarterContent/Props/SM_TableRound.uasset" 334
"E:/github_repos/UnrealProject/DemoProject/Content/StarterContent/Maps/Minimal_Default.umap" 335
"E:/github_repos/UnrealProject/DemoProject/Content/StarterContent/Audio/Fire01_Cue.uasset" 336
"E:/github_repos/UnrealProject/DemoProject/Content/StarterContent/Textures/T_Fire_SubUV.uasset" 337
"E:/github_repos/UnrealProject/DemoProject/Content/StarterContent/Textures/T_Fire_Tiled_D.uasset" 338
"E:/github_repos/UnrealProject/DemoProject/Content/StarterContent/Particles/Materials/M_Fire_SubUV.uasset" 339
"E:/github_repos/UnrealProject/DemoProject/Content/StarterContent/Textures/T_Water_N.uasset" 340
"E:/github_repos/UnrealProject/DemoProject/Content/StarterContent/Particles/Materials/M_Heat_Distortion.uasset" 341
"E:/github_repos/UnrealProject/DemoProject/Content/StarterContent/Particles/Materials/M_Radial_Gradient.uasset" 342
"E:/github_repos/UnrealProject/DemoProject/Content/StarterContent/Particles/P_Fire.uasset" 343
"E:/github_repos/UnrealProject/DemoProject/Content/StarterContent/Blueprints/Blueprint_Effect_Fire.uasset" 344
"E:/github_repos/UnrealProject/DemoProject/Content/StarterContent/Audio/Smoke01_Cue.uasset" 345
"E:/github_repos/UnrealProject/DemoProject/Content/StarterContent/Particles/P_Smoke.uasset" 346
"E:/github_repos/UnrealProject/DemoProject/Content/StarterContent/Blueprints/Blueprint_Effect_Smoke.uasset" 347
"E:/github_repos/UnrealProject/DemoProject/Content/StarterContent/Audio/Fire_Sparks01_Cue.uasset" 348
"E:/github_repos/UnrealProject/DemoProject/Content/StarterContent/Textures/T_Spark_Core.uasset" 349
"E:/github_repos/UnrealProject/DemoProject/Content/StarterContent/Particles/Materials/M_Spark.uasset" 350
"E:/github_repos/UnrealProject/DemoProject/Content/StarterContent/Particles/P_Sparks.uasset" 351
"E:/github_repos/UnrealProject/DemoProject/Content/StarterContent/Blueprints/Blueprint_Effect_Sparks.uasset" 352
"E:/github_repos/UnrealProject/DemoProject/Content/StarterContent/Audio/Steam01_Cue.uasset" 353
"E:/github_repos/UnrealProject/DemoProject/Content/StarterContent/Particles/P_Steam_Lit.uasset" 354
"E:/github_repos/UnrealProject/DemoProject/Content/StarterContent/Blueprints/Blueprint_Effect_Steam.uasset" 355
"E:/github_repos/UnrealProject/DemoProject/Content/StarterContent/Textures/T_Lamp_M.uasset" 356
"E:/github_repos/UnrealProject/DemoProject/Content/StarterContent/Textures/T_Lamp_N.uasset" 357
"E:/github_repos/UnrealProject/DemoProject/Content/StarterContent/Props/Materials/M_Lamp.uasset" 358
"E:/github_repos/UnrealProject/DemoProject/Content/StarterContent/Props/SM_Lamp_Ceiling.uasset" 359
"E:/github_repos/UnrealProject/DemoProject/Content/StarterContent/Blueprints/Blueprint_CeilingLight.uasset" 360
"E:/github_repos/UnrealProject/DemoProject/Content/StarterContent/Props/SM_Lamp_Wall.uasset" 361
"E:/github_repos/UnrealProject/DemoProject/Content/StarterContent/Blueprints/Blueprint_WallSconce.uasset" 362
"E:/github_repos/UnrealProject/DemoProject/Content/StarterContent/Maps/StarterMap_BuiltData.uasset" 363
"../../../Engine/Content/Functions/Engine_MaterialFunctions03/Procedurals/ComputeFilterWidth.uasset" 364
"../../../Engine/Content/EngineMaterials/AntiAliasedTextMaterialTranslucent.uasset" 365
"E:/github_repos/UnrealProject/DemoProject/Content/StarterContent/Textures/T_Brick_Clay_Beveled_D.uasset" 366
"E:/github_repos/UnrealProject/DemoProject/Content/StarterContent/Textures/T_Brick_Clay_Beveled_M.uasset" 367
"E:/github_repos/UnrealProject/DemoProject/Content/StarterContent/Textures/T_Brick_Clay_Beveled_N.uasset" 368
"E:/github_repos/UnrealProject/DemoProject/Content/StarterContent/Materials/M_Brick_Clay_Beveled.uasset" 369
"E:/github_repos/UnrealProject/DemoProject/Content/StarterContent/Textures/T_Brick_Clay_New_D.uasset" 370
"E:/github_repos/UnrealProject/DemoProject/Content/StarterContent/Textures/T_Brick_Clay_New_M.uasset" 371
"E:/github_repos/UnrealProject/DemoProject/Content/StarterContent/Textures/T_Brick_Clay_New_N.uasset" 372
"E:/github_repos/UnrealProject/DemoProject/Content/StarterContent/Materials/M_Brick_Clay_New.uasset" 373
"E:/github_repos/UnrealProject/DemoProject/Content/StarterContent/Textures/T_Brick_Clay_Old_D.uasset" 374
"E:/github_repos/UnrealProject/DemoProject/Content/StarterContent/Textures/T_Brick_Clay_Old_N.uasset" 375
"E:/github_repos/UnrealProject/DemoProject/Content/StarterContent/Textures/T_Perlin_Noise_M.uasset" 376
"E:/github_repos/UnrealProject/DemoProject/Content/StarterContent/Materials/M_Brick_Clay_Old.uasset" 377
"E:/github_repos/UnrealProject/DemoProject/Content/StarterContent/Textures/T_Brick_Cut_Stone_D.uasset" 378
"E:/github_repos/UnrealProject/DemoProject/Content/StarterContent/Textures/T_Brick_Cut_Stone_N.uasset" 379
"E:/github_repos/UnrealProject/DemoProject/Content/StarterContent/Materials/M_Brick_Cut_Stone.uasset" 380
"E:/github_repos/UnrealProject/DemoProject/Content/StarterContent/Textures/T_Brick_Hewn_Stone_D.uasset" 381
"E:/github_repos/UnrealProject/DemoProject/Content/StarterContent/Textures/T_Brick_Hewn_Stone_M.uasset" 382
"E:/github_repos/UnrealProject/DemoProject/Content/StarterContent/Textures/T_Brick_Hewn_Stone_N.uasset" 383
"E:/github_repos/UnrealProject/DemoProject/Content/StarterContent/Materials/M_Brick_Hewn_Stone.uasset" 384
"E:/github_repos/UnrealProject/DemoProject/Content/StarterContent/Textures/T_Ceramic_Tile_M.uasset" 385
"E:/github_repos/UnrealProject/DemoProject/Content/StarterContent/Textures/T_Ceramic_Tile_N.uasset" 386
"E:/github_repos/UnrealProject/DemoProject/Content/StarterContent/Textures/T_Rock_Marble_Polished_D.uasset" 387
"E:/github_repos/UnrealProject/DemoProject/Content/StarterContent/Materials/M_Ceramic_Tile_Checker.uasset" 388
"E:/github_repos/UnrealProject/DemoProject/Content/StarterContent/Textures/T_CobbleStone_Pebble_D.uasset" 389
"E:/github_repos/UnrealProject/DemoProject/Content/StarterContent/Textures/T_CobbleStone_Pebble_M.uasset" 390
"E:/github_repos/UnrealProject/DemoProject/Content/StarterContent/Textures/T_CobbleStone_Pebble_N.uasset" 391
"E:/github_repos/UnrealProject/DemoProject/Content/StarterContent/Materials/M_CobbleStone_Pebble.uasset" 392
"E:/github_repos/UnrealProject/DemoProject/Content/StarterContent/Textures/T_CobbleStone_Rough_D.uasset" 393
"E:/github_repos/UnrealProject/DemoProject/Content/StarterContent/Textures/T_CobbleStone_Rough_N.uasset" 394
"E:/github_repos/UnrealProject/DemoProject/Content/StarterContent/Textures/T_Gradinet_01.uasset" 395
"E:/github_repos/UnrealProject/DemoProject/Content/StarterContent/Textures/T_Rock_Smooth_Granite_D.uasset" 396
"E:/github_repos/UnrealProject/DemoProject/Content/StarterContent/Materials/M_CobbleStone_Rough.uasset" 397
"E:/github_repos/UnrealProject/DemoProject/Content/StarterContent/Textures/T_CobbleStone_Smooth_D.uasset" 398
"E:/github_repos/UnrealProject/DemoProject/Content/StarterContent/Textures/T_CobbleStone_Smooth_M.uasset" 399
"E:/github_repos/UnrealProject/DemoProject/Content/StarterContent/Textures/T_CobbleStone_Smooth_N.uasset" 400
"E:/github_repos/UnrealProject/DemoProject/Content/StarterContent/Materials/M_CobbleStone_Smooth.uasset" 401
"E:/github_repos/UnrealProject/DemoProject/Content/StarterContent/Textures/T_Concrete_Grime_D.uasset" 402
"E:/github_repos/UnrealProject/DemoProject/Content/StarterContent/Textures/T_Metal_Rust_N.uasset" 403
"E:/github_repos/UnrealProject/DemoProject/Content/StarterContent/Materials/M_Concrete_Grime.uasset" 404
"E:/github_repos/UnrealProject/DemoProject/Content/StarterContent/Textures/T_Concrete_Panels_D.uasset" 405
"E:/github_repos/UnrealProject/DemoProject/Content/StarterContent/Textures/T_Concrete_Panels_N.uasset" 406
"E:/github_repos/UnrealProject/DemoProject/Content/StarterContent/Materials/M_Concrete_Panels.uasset" 407
"E:/github_repos/UnrealProject/DemoProject/Content/StarterContent/Textures/T_Concrete_Poured_D.uasset" 408
"E:/github_repos/UnrealProject/DemoProject/Content/StarterContent/Textures/T_Concrete_Poured_N.uasset" 409
"E:/github_repos/UnrealProject/DemoProject/Content/StarterContent/Materials/M_Concrete_Poured.uasset" 410
"E:/github_repos/UnrealProject/DemoProject/Content/StarterContent/Textures/T_Concrete_Tiles_D.uasset" 411
"E:/github_repos/UnrealProject/DemoProject/Content/StarterContent/Textures/T_Concrete_Tiles_M.uasset" 412
"E:/github_repos/UnrealProject/DemoProject/Content/StarterContent/Textures/T_Concrete_Tiles_N.uasset" 413
"E:/github_repos/UnrealProject/DemoProject/Content/StarterContent/Textures/T_Concrete_Tiles_Variation_M.uasset" 414
"E:/github_repos/UnrealProject/DemoProject/Content/StarterContent/Materials/M_Concrete_Tiles.uasset" 415
"E:/github_repos/UnrealProject/DemoProject/Content/StarterContent/Textures/T_Ground_Grass_D.uasset" 416
"E:/github_repos/UnrealProject/DemoProject/Content/StarterContent/Textures/T_Ground_Grass_N.uasset" 417
"E:/github_repos/UnrealProject/DemoProject/Content/StarterContent/Materials/M_Ground_Grass.uasset" 418
"E:/github_repos/UnrealProject/DemoProject/Content/StarterContent/Textures/T_Ground_Gravel_D.uasset" 419
"E:/github_repos/UnrealProject/DemoProject/Content/StarterContent/Textures/T_Ground_Gravel_N.uasset" 420
"E:/github_repos/UnrealProject/DemoProject/Content/StarterContent/Materials/M_Ground_Gravel.uasset" 421
"E:/github_repos/UnrealProject/DemoProject/Content/StarterContent/Textures/T_ground_Moss_D.uasset" 422
"E:/github_repos/UnrealProject/DemoProject/Content/StarterContent/Textures/T_Ground_Moss_N.uasset" 423
"E:/github_repos/UnrealProject/DemoProject/Content/StarterContent/Materials/M_Ground_Moss.uasset" 424
"E:/github_repos/UnrealProject/DemoProject/Content/StarterContent/Materials/M_Metal_Chrome.uasset" 425
"E:/github_repos/UnrealProject/DemoProject/Content/StarterContent/Textures/T_Metal_Gold_D.uasset" 426
"E:/github_repos/UnrealProject/DemoProject/Content/StarterContent/Materials/M_Metal_Gold.uasset" 427
"E:/github_repos/UnrealProject/DemoProject/Content/StarterContent/Textures/T_Metal_Rust_D.uasset" 428
"E:/github_repos/UnrealProject/DemoProject/Content/StarterContent/Materials/M_Metal_Rust.uasset" 429
"E:/github_repos/UnrealProject/DemoProject/Content/StarterContent/Textures/T_Metal_Steel_D.uasset" 430
"E:/github_repos/UnrealProject/DemoProject/Content/StarterContent/Textures/T_Metal_Steel_N.uasset" 431
"E:/github_repos/UnrealProject/DemoProject/Content/StarterContent/Materials/M_Metal_Steel.uasset" 432
"E:/github_repos/UnrealProject/DemoProject/Content/StarterContent/Textures/T_Rock_Basalt_N.uasset" 433
"E:/github_repos/UnrealProject/DemoProject/Content/StarterContent/Materials/M_Rock_Basalt.uasset" 434
"E:/github_repos/UnrealProject/DemoProject/Content/StarterContent/Materials/M_Rock_Marble_Polished.uasset" 435
"E:/github_repos/UnrealProject/DemoProject/Content/StarterContent/Textures/T_Rock_Sandstone_D.uasset" 436
"E:/github_repos/UnrealProject/DemoProject/Content/StarterContent/Textures/T_Rock_Sandstone_N.uasset" 437
"E:/github_repos/UnrealProject/DemoProject/Content/StarterContent/Materials/M_Rock_Sandstone.uasset" 438
"E:/github_repos/UnrealProject/DemoProject/Content/StarterContent/Textures/T_Rock_Slate_D.uasset" 439
"E:/github_repos/UnrealProject/DemoProject/Content/StarterContent/Textures/T_Rock_Slate_N.uasset" 440
"E:/github_repos/UnrealProject/DemoProject/Content/StarterContent/Materials/M_Rock_Slate.uasset" 441
"E:/github_repos/UnrealProject/DemoProject/Content/StarterContent/Textures/T_Checker_Noise_M.uasset" 442
"E:/github_repos/UnrealProject/DemoProject/Content/StarterContent/Textures/T_Single_Tile_N.uasset" 443
"E:/github_repos/UnrealProject/DemoProject/Content/StarterContent/Textures/T_Tech_Dot_M.uasset" 444
"E:/github_repos/UnrealProject/DemoProject/Content/StarterContent/Textures/T_Tech_Dot_N.uasset" 445
"E:/github_repos/UnrealProject/DemoProject/Content/StarterContent/Materials/M_Tech_Checker_Dot.uasset" 446
"E:/github_repos/UnrealProject/DemoProject/Content/StarterContent/Textures/T_Tech_Hex_Tile_M.uasset" 447
"E:/github_repos/UnrealProject/DemoProject/Content/StarterContent/Textures/T_Tech_Hex_Tile_N.uasset" 448
"E:/github_repos/UnrealProject/DemoProject/Content/StarterContent/Materials/M_Tech_Hex_Tile.uasset" 449
"E:/github_repos/UnrealProject/DemoProject/Content/StarterContent/Materials/M_Tech_Hex_Tile_Pulse.uasset" 450
"E:/github_repos/UnrealProject/DemoProject/Content/StarterContent/Textures/T_Tech_Panel_M.uasset" 451
"E:/github_repos/UnrealProject/DemoProject/Content/StarterContent/Textures/T_Tech_Panel_N.uasset" 452
"E:/github_repos/UnrealProject/DemoProject/Content/StarterContent/Materials/M_Tech_Panel.uasset" 453
"E:/github_repos/UnrealProject/DemoProject/Content/StarterContent/Materials/M_Water_Lake.uasset" 454
"E:/github_repos/UnrealProject/DemoProject/Content/StarterContent/Textures/T_Water_M.uasset" 455
"E:/github_repos/UnrealProject/DemoProject/Content/StarterContent/Materials/M_Water_Ocean.uasset" 456
"E:/github_repos/UnrealProject/DemoProject/Content/StarterContent/Textures/T_Wood_Floor_Walnut_D.uasset" 457
"E:/github_repos/UnrealProject/DemoProject/Content/StarterContent/Textures/T_Wood_Floor_Walnut_M.uasset" 458
"E:/github_repos/UnrealProject/DemoProject/Content/StarterContent/Textures/T_Wood_Floor_Walnut_N.uasset" 459
"E:/github_repos/UnrealProject/DemoProject/Content/StarterContent/Materials/M_Wood_Floor_Walnut_Polished.uasset" 460
"../../../Engine/Content/Functions/Engine_MaterialFunctions01/Opacity/AlphaOffset.uasset" 461
"E:/github_repos/UnrealProject/DemoProject/Content/StarterContent/Materials/M_Wood_Floor_Walnut_Worn.uasset" 462
"E:/github_repos/UnrealProject/DemoProject/Content/StarterContent/Textures/T_Wood_Oak_D.uasset" 463
"E:/github_repos/UnrealProject/DemoProject/Content/StarterContent/Textures/T_Wood_Oak_N.uasset" 464
"E:/github_repos/UnrealProject/DemoProject/Content/StarterContent/Materials/M_Wood_Oak.uasset" 465
"E:/github_repos/UnrealProject/DemoProject/Content/StarterContent/Textures/T_Wood_Pine_D.uasset" 466
"E:/github_repos/UnrealProject/DemoProject/Content/StarterContent/Textures/T_Wood_Pine_N.uasset" 467
"E:/github_repos/UnrealProject/DemoProject/Content/StarterContent/Materials/M_Wood_Pine.uasset" 468
"E:/github_repos/UnrealProject/DemoProject/Content/StarterContent/Textures/T_Wood_Walnut_D.uasset" 469
"E:/github_repos/UnrealProject/DemoProject/Content/StarterContent/Textures/T_Wood_Walnut_N.uasset" 470
"E:/github_repos/UnrealProject/DemoProject/Content/StarterContent/Materials/M_Wood_Walnut.uasset" 471
"E:/github_repos/UnrealProject/DemoProject/Content/StarterContent/Architecture/Wall_400x200.uasset" 472
"E:/github_repos/UnrealProject/DemoProject/Content/StarterContent/Architecture/Wall_Door_400x300.uasset" 473
"E:/github_repos/UnrealProject/DemoProject/Content/StarterContent/Architecture/Wall_Window_400x300.uasset" 474
"E:/github_repos/UnrealProject/DemoProject/Content/StarterContent/Audio/Collapse_Cue.uasset" 475
"E:/github_repos/UnrealProject/DemoProject/Content/StarterContent/Audio/Starter_Music_Cue.uasset" 476
"E:/github_repos/UnrealProject/DemoProject/Content/StarterContent/Textures/T_Dust_Particle_D.uasset" 477
"E:/github_repos/UnrealProject/DemoProject/Content/StarterContent/Particles/Materials/M_Dust_Particle.uasset" 478
"E:/github_repos/UnrealProject/DemoProject/Content/StarterContent/Particles/P_Ambient_Dust.uasset" 479
"E:/github_repos/UnrealProject/DemoProject/Content/StarterContent/Props/MaterialSphere.uasset" 480
"E:/github_repos/UnrealProject/DemoProject/Content/StarterContent/Textures/T_Frame_M.uasset" 481
"E:/github_repos/UnrealProject/DemoProject/Content/StarterContent/Textures/T_Frame_N.uasset" 482
"E:/github_repos/UnrealProject/DemoProject/Content/StarterContent/Props/Materials/M_Frame.uasset" 483
"E:/github_repos/UnrealProject/DemoProject/Content/StarterContent/Props/SM_CornerFrame.uasset" 484
"E:/github_repos/UnrealProject/DemoProject/Content/StarterContent/Props/SM_DoorFrame.uasset" 485
"E:/github_repos/UnrealProject/DemoProject/Content/StarterContent/Materials/M_Glass.uasset" 486
"E:/github_repos/UnrealProject/DemoProject/Content/StarterContent/Props/SM_GlassWindow.uasset" 487
"E:/github_repos/UnrealProject/DemoProject/Content/StarterContent/Props/SM_PillarFrame.uasset" 488
"E:/github_repos/UnrealProject/DemoProject/Content/StarterContent/Props/SM_PillarFrame300.uasset" 489
"E:/github_repos/UnrealProject/DemoProject/Content/StarterContent/Props/SM_WindowFrame.uasset" 490
"E:/github_repos/UnrealProject/DemoProject/Content/StarterContent/Shapes/Shape_Cube.uasset" 491
"E:/github_repos/UnrealProject/DemoProject/Content/StarterContent/Shapes/Shape_QuadPyramid.uasset" 492
"E:/github_repos/UnrealProject/DemoProject/Content/StarterContent/Shapes/Shape_Sphere.uasset" 493
"E:/github_repos/UnrealProject/DemoProject/Content/StarterContent/Maps/StarterMap.umap" 494
"E:/github_repos/UnrealProject/DemoProject/Content/StarterContent/Audio/Fire01.uasset" 495
"E:/github_repos/UnrealProject/DemoProject/Content/MyContent/EnemySphere.uasset" 496
"E:/github_repos/UnrealProject/DemoProject/Content/StarterContent/Textures/T_Door_M.uasset" 497
"E:/github_repos/UnrealProject/DemoProject/Content/StarterContent/Textures/T_Door_N.uasset" 498
"E:/github_repos/UnrealProject/DemoProject/Content/StarterContent/Props/Materials/M_Door.uasset" 499
"E:/github_repos/UnrealProject/DemoProject/Content/StarterContent/Props/SM_Door.uasset" 500
"E:/github_repos/UnrealProject/DemoProject/Content/MyContent/EndOfLevelDoor.uasset" 501
"E:/github_repos/UnrealProject/DemoProject/Content/MyContent/Orb.uasset" 502
"E:/github_repos/UnrealProject/DemoProject/Content/MyContent/PlatformCurve.uasset" 503
"E:/github_repos/UnrealProject/DemoProject/Content/StarterContent/Shapes/Shape_Cylinder.uasset" 504
"E:/github_repos/UnrealProject/DemoProject/Content/MyContent/PlatformUpDown.uasset" 505
"E:/github_repos/UnrealProject/DemoProject/Content/StarterContent/Shapes/Shape_TriPyramid.uasset" 506
"E:/github_repos/UnrealProject/DemoProject/Content/MyContent/Spike.uasset" 507
"E:/github_repos/UnrealProject/DemoProject/Content/MyContent/DemoLevel_BuiltData.uasset" 508
"E:/github_repos/UnrealProject/DemoProject/Content/MyContent/DemoLevel.umap" 509
"../../../Engine/Content/Maps/Entry_BuiltData.uasset" 510
"../../../Engine/Content/Maps/Entry.umap" 511
